<?xml version="1.0" encoding="UTF-8"?>
<!-- Generated by org.testng.reporters.JUnitXMLReporter -->
<testsuite ignored="14" hostname="DESKTOP-NILESH" failures="7" tests="14" name="Test(failed)(failed)(failed)" time="0.27" errors="0" timestamp="25 Jul 2018 14:11:54 GMT">
  <testcase classname="com.scp.a.BTest" name="e" time="0.047">
    <failure type="java.lang.AssertionError" message="null">
      <![CDATA[java.lang.AssertionError: null
at com.scp.a.BTest.e(BTest.java:45)
... Removed 27 stack frames]]>
    </failure>
  </testcase> <!-- e -->
  <testcase classname="com.scp.a.BTest" name="b" time="0.016">
    <failure type="java.lang.AssertionError" message="null">
      <![CDATA[java.lang.AssertionError: null
at com.scp.a.BTest.b(BTest.java:23)
... Removed 27 stack frames]]>
    </failure>
  </testcase> <!-- b -->
  <testcase classname="com.scp.a.BTest" name="b" time="0.007">
    <failure type="java.lang.AssertionError" message="null">
      <![CDATA[java.lang.AssertionError: null
at com.scp.a.BTest.b(BTest.java:23)
... Removed 27 stack frames]]>
    </failure>
  </testcase> <!-- b -->
  <testcase classname="com.scp.a.BTest" name="b" time="0.002">
    <failure type="java.lang.AssertionError" message="null">
      <![CDATA[java.lang.AssertionError: null
at com.scp.a.BTest.b(BTest.java:23)
... Removed 27 stack frames]]>
    </failure>
  </testcase> <!-- b -->
  <testcase classname="com.scp.a.BTest" name="b" time="0.004">
    <failure type="java.lang.AssertionError" message="null">
      <![CDATA[java.lang.AssertionError: null
at com.scp.a.BTest.b(BTest.java:23)
... Removed 27 stack frames]]>
    </failure>
  </testcase> <!-- b -->
  <testcase classname="com.scp.a.BTest" name="b" time="0.0"/>
  <testcase classname="com.scp.a.BTest" name="b" time="0.016"/>
  <testcase classname="com.scp.a.BTest" name="b" time="0.0"/>
  <testcase classname="com.scp.a.BTest" name="b" time="0.0"/>
  <testcase classname="com.scp.a.BTest" name="b" time="0.0"/>
  <testcase classname="com.scp.a.BTest" name="b" time="0.0"/>
  <testcase classname="com.scp.a.BTest" name="a" time="0.0">
    <skipped/>
  </testcase> <!-- a -->
  <testcase classname="com.scp.a.ATest" name="f" time="0.016">
    <failure type="java.lang.AssertionError" message="null">
      <![CDATA[java.lang.AssertionError: null
at com.scp.a.ATest.f(ATest.java:69)
... Removed 27 stack frames]]>
    </failure>
  </testcase> <!-- f -->
  <testcase classname="com.scp.c.FTest" name="e" time="0.0">
    <failure type="java.lang.AssertionError" message="null">
      <![CDATA[java.lang.AssertionError: null
at com.scp.c.FTest.e(FTest.java:35)
... Removed 27 stack frames]]>
    </failure>
  </testcase> <!-- e -->
  <testcase classname="com.scp.a.BTest" name="d" time="0.0">
    <ignored/>
  </testcase> <!-- d -->
  <testcase classname="com.scp.a.BTest" name="f" time="0.0">
    <ignored/>
  </testcase> <!-- f -->
  <testcase classname="com.scp.a.ATest" name="d" time="0.0">
    <ignored/>
  </testcase> <!-- d -->
  <testcase classname="com.scp.a.ATest" name="b" time="0.0">
    <ignored/>
  </testcase> <!-- b -->
  <testcase classname="com.scp.a.ATest" name="a" time="0.0">
    <ignored/>
  </testcase> <!-- a -->
  <testcase classname="com.scp.a.ATest" name="c" time="0.0">
    <ignored/>
  </testcase> <!-- c -->
  <testcase classname="com.scp.a.ATest" name="getprovider" time="0.0">
    <ignored/>
  </testcase> <!-- getprovider -->
  <testcase classname="com.scp.a.ATest" name="e" time="0.0">
    <ignored/>
  </testcase> <!-- e -->
  <testcase classname="com.scp.a.BTest" name="c" time="0.0">
    <ignored/>
  </testcase> <!-- c -->
  <testcase classname="com.scp.c.FTest" name="f" time="0.0">
    <ignored/>
  </testcase> <!-- f -->
  <testcase classname="com.scp.c.FTest" name="a" time="0.0">
    <ignored/>
  </testcase> <!-- a -->
  <testcase classname="com.scp.c.FTest" name="d" time="0.0">
    <ignored/>
  </testcase> <!-- d -->
  <testcase classname="com.scp.c.FTest" name="b" time="0.0">
    <ignored/>
  </testcase> <!-- b -->
  <testcase classname="com.scp.c.FTest" name="c" time="0.0">
    <ignored/>
  </testcase> <!-- c -->
</testsuite> <!-- Test(failed)(failed)(failed) -->
