<?xml version="1.0" encoding="UTF-8"?>
<!-- Generated by org.testng.reporters.JUnitXMLReporter -->
<testsuite ignored="0" hostname="DESKTOP-NILESH" failures="0" tests="24" name="e2e by packages" time="0.266" errors="0" timestamp="20 Jul 2018 11:41:24 GMT">
  <testcase classname="com.scp.a.Atest" name="a" time="0.011"/>
  <testcase classname="com.scp.a.Atest" name="b" time="0.002"/>
  <testcase classname="com.scp.a.Atest" name="c" time="0.006"/>
  <testcase classname="com.scp.a.Atest" name="d" time="0.01"/>
  <testcase classname="com.scp.a.Atest" name="e" time="0.004"/>
  <testcase classname="com.scp.a.Atest" name="f" time="0.002"/>
  <testcase classname="com.scp.c.Ftest" name="a" time="0.003"/>
  <testcase classname="com.scp.c.Ftest" name="b" time="0.002"/>
  <testcase classname="com.scp.c.Ftest" name="c" time="0.005"/>
  <testcase classname="com.scp.c.Ftest" name="d" time="0.002"/>
  <testcase classname="com.scp.c.Ftest" name="e" time="0.002"/>
  <testcase classname="com.scp.c.Ftest" name="f" time="0.004"/>
  <testcase classname="com.scp.a.Btest" name="a" time="0.002"/>
  <testcase classname="com.scp.a.Btest" name="b" time="0.002"/>
  <testcase classname="com.scp.a.Btest" name="c" time="0.005"/>
  <testcase classname="com.scp.a.Btest" name="d" time="0.002"/>
  <testcase classname="com.scp.a.Btest" name="e" time="0.004"/>
  <testcase classname="com.scp.a.Btest" name="f" time="0.009"/>
  <testcase classname="com.scp.a.Ctest" name="a" time="0.013"/>
  <testcase classname="com.scp.a.Ctest" name="b" time="0.007"/>
  <testcase classname="com.scp.a.Ctest" name="c" time="0.004"/>
  <testcase classname="com.scp.a.Ctest" name="d" time="0.004"/>
  <testcase classname="com.scp.a.Ctest" name="e" time="0.002"/>
  <testcase classname="com.scp.a.Ctest" name="f" time="0.001"/>
</testsuite> <!-- e2e by packages -->
