<?xml version="1.0" encoding="UTF-8"?>
<!-- Generated by org.testng.reporters.JUnitXMLReporter -->
<testsuite ignored="30" hostname="DESKTOP-NILESH" failures="0" tests="6" name="GRP-functionalTest" time="0.168" errors="0" timestamp="21 Jul 2018 03:54:32 GMT">
  <testcase classname="com.scp.a.ATest" name="a" time="0.049"/>
  <testcase classname="com.scp.a.BTest" name="c" time="0.005"/>
  <testcase classname="com.scp.b.DTest" name="d" time="0.003"/>
  <testcase classname="com.scp.b.ETest" name="e" time="0.003"/>
  <testcase classname="com.scp.a.CTest" name="c" time="0.003"/>
  <testcase classname="com.scp.c.FTest" name="f" time="0.009"/>
  <testcase classname="com.scp.b.DTest" name="e" time="0.0">
    <ignored/>
  </testcase> <!-- e -->
  <testcase classname="com.scp.a.BTest" name="d" time="0.0">
    <ignored/>
  </testcase> <!-- d -->
  <testcase classname="com.scp.b.DTest" name="f" time="0.0">
    <ignored/>
  </testcase> <!-- f -->
  <testcase classname="com.scp.a.BTest" name="e" time="0.0">
    <ignored/>
  </testcase> <!-- e -->
  <testcase classname="com.scp.a.BTest" name="f" time="0.0">
    <ignored/>
  </testcase> <!-- f -->
  <testcase classname="com.scp.b.DTest" name="a" time="0.0">
    <ignored/>
  </testcase> <!-- a -->
  <testcase classname="com.scp.b.DTest" name="b" time="0.0">
    <ignored/>
  </testcase> <!-- b -->
  <testcase classname="com.scp.a.BTest" name="a" time="0.0">
    <ignored/>
  </testcase> <!-- a -->
  <testcase classname="com.scp.b.DTest" name="c" time="0.0">
    <ignored/>
  </testcase> <!-- c -->
  <testcase classname="com.scp.a.CTest" name="b" time="0.0">
    <ignored/>
  </testcase> <!-- b -->
  <testcase classname="com.scp.a.BTest" name="b" time="0.0">
    <ignored/>
  </testcase> <!-- b -->
  <testcase classname="com.scp.b.ETest" name="b" time="0.0">
    <ignored/>
  </testcase> <!-- b -->
  <testcase classname="com.scp.b.ETest" name="a" time="0.0">
    <ignored/>
  </testcase> <!-- a -->
  <testcase classname="com.scp.b.ETest" name="d" time="0.0">
    <ignored/>
  </testcase> <!-- d -->
  <testcase classname="com.scp.b.ETest" name="c" time="0.0">
    <ignored/>
  </testcase> <!-- c -->
  <testcase classname="com.scp.b.ETest" name="f" time="0.0">
    <ignored/>
  </testcase> <!-- f -->
  <testcase classname="com.scp.c.FTest" name="e" time="0.0">
    <ignored/>
  </testcase> <!-- e -->
  <testcase classname="com.scp.c.FTest" name="a" time="0.0">
    <ignored/>
  </testcase> <!-- a -->
  <testcase classname="com.scp.a.CTest" name="f" time="0.0">
    <ignored/>
  </testcase> <!-- f -->
  <testcase classname="com.scp.c.FTest" name="d" time="0.0">
    <ignored/>
  </testcase> <!-- d -->
  <testcase classname="com.scp.a.CTest" name="a" time="0.0">
    <ignored/>
  </testcase> <!-- a -->
  <testcase classname="com.scp.a.CTest" name="d" time="0.0">
    <ignored/>
  </testcase> <!-- d -->
  <testcase classname="com.scp.c.FTest" name="b" time="0.0">
    <ignored/>
  </testcase> <!-- b -->
  <testcase classname="com.scp.a.CTest" name="e" time="0.0">
    <ignored/>
  </testcase> <!-- e -->
  <testcase classname="com.scp.c.FTest" name="c" time="0.0">
    <ignored/>
  </testcase> <!-- c -->
  <testcase classname="com.scp.a.ATest" name="b" time="0.0">
    <ignored/>
  </testcase> <!-- b -->
  <testcase classname="com.scp.a.ATest" name="c" time="0.0">
    <ignored/>
  </testcase> <!-- c -->
  <testcase classname="com.scp.a.ATest" name="getprovider" time="0.0">
    <ignored/>
  </testcase> <!-- getprovider -->
  <testcase classname="com.scp.a.ATest" name="f" time="0.0">
    <ignored/>
  </testcase> <!-- f -->
  <testcase classname="com.scp.a.ATest" name="e" time="0.0">
    <ignored/>
  </testcase> <!-- e -->
</testsuite> <!-- GRP-functionalTest -->
