<?xml version="1.0" encoding="UTF-8"?>
<!-- Generated by org.testng.reporters.JUnitXMLReporter -->
<testsuite ignored="20" hostname="DESKTOP-NILESH" failures="0" tests="4" name="GRP-functionalTest2" time="0.183" errors="0" timestamp="20 Jul 2018 13:12:54 GMT">
  <testcase classname="com.scp.a.Atest" name="b" time="0.03"/>
  <testcase classname="com.scp.b.Dtest" name="e" time="0.006"/>
  <testcase classname="com.scp.a.Ctest" name="d" time="0.009"/>
  <testcase classname="com.scp.a.Btest" name="d" time="0.005"/>
  <testcase classname="com.scp.a.Atest" name="c" time="0.0">
    <ignored/>
  </testcase> <!-- c -->
  <testcase classname="com.scp.a.Atest" name="a" time="0.0">
    <ignored/>
  </testcase> <!-- a -->
  <testcase classname="com.scp.a.Atest" name="e" time="0.0">
    <ignored/>
  </testcase> <!-- e -->
  <testcase classname="com.scp.a.Atest" name="getprovider" time="0.0">
    <ignored/>
  </testcase> <!-- getprovider -->
  <testcase classname="com.scp.a.Atest" name="f" time="0.0">
    <ignored/>
  </testcase> <!-- f -->
  <testcase classname="com.scp.a.Btest" name="c" time="0.0">
    <ignored/>
  </testcase> <!-- c -->
  <testcase classname="com.scp.a.Ctest" name="a" time="0.0">
    <ignored/>
  </testcase> <!-- a -->
  <testcase classname="com.scp.a.Ctest" name="f" time="0.0">
    <ignored/>
  </testcase> <!-- f -->
  <testcase classname="com.scp.a.Ctest" name="c" time="0.0">
    <ignored/>
  </testcase> <!-- c -->
  <testcase classname="com.scp.a.Ctest" name="e" time="0.0">
    <ignored/>
  </testcase> <!-- e -->
  <testcase classname="com.scp.b.Dtest" name="f" time="0.0">
    <ignored/>
  </testcase> <!-- f -->
  <testcase classname="com.scp.b.Dtest" name="c" time="0.0">
    <ignored/>
  </testcase> <!-- c -->
  <testcase classname="com.scp.b.Dtest" name="d" time="0.0">
    <ignored/>
  </testcase> <!-- d -->
  <testcase classname="com.scp.a.Ctest" name="b" time="0.0">
    <ignored/>
  </testcase> <!-- b -->
  <testcase classname="com.scp.b.Dtest" name="a" time="0.0">
    <ignored/>
  </testcase> <!-- a -->
  <testcase classname="com.scp.b.Dtest" name="b" time="0.0">
    <ignored/>
  </testcase> <!-- b -->
  <testcase classname="com.scp.a.Btest" name="b" time="0.0">
    <ignored/>
  </testcase> <!-- b -->
  <testcase classname="com.scp.a.Btest" name="a" time="0.0">
    <ignored/>
  </testcase> <!-- a -->
  <testcase classname="com.scp.a.Btest" name="f" time="0.0">
    <ignored/>
  </testcase> <!-- f -->
  <testcase classname="com.scp.a.Btest" name="e" time="0.0">
    <ignored/>
  </testcase> <!-- e -->
</testsuite> <!-- GRP-functionalTest2 -->
