<?xml version="1.0" encoding="UTF-8"?>
<!-- Generated by org.testng.reporters.JUnitXMLReporter -->
<testsuite ignored="0" hostname="DESKTOP-NILESH" failures="0" tests="6" name="Test2" time="0.064" errors="0" timestamp="25 Jul 2018 07:58:57 GMT">
  <testcase classname="com.scp.b.DTest" name="a" time="0.001"/>
  <testcase classname="com.scp.b.DTest" name="b" time="0.0"/>
  <testcase classname="com.scp.b.DTest" name="c" time="0.0"/>
  <testcase classname="com.scp.b.DTest" name="d" time="0.0"/>
  <testcase classname="com.scp.b.DTest" name="e" time="0.016"/>
  <testcase classname="com.scp.b.DTest" name="f" time="0.0"/>
</testsuite> <!-- Test2 -->
