<?xml version="1.0" encoding="UTF-8"?>
<!-- Generated by org.testng.reporters.JUnitXMLReporter -->
<testsuite ignored="1" hostname="DESKTOP-NILESH" failures="7" tests="47" name="Test" time="1.434" errors="0" timestamp="25 Jul 2018 16:47:50 GMT">
  <testcase classname="com.scp.b.DTest" name="d" time="0.03"/>
  <testcase classname="com.scp.b.DTest" name="a" time="0.011"/>
  <testcase classname="com.scp.b.DTest" name="b" time="0.008"/>
  <testcase classname="com.scp.b.DTest" name="c" time="0.008"/>
  <testcase classname="com.scp.b.DTest" name="e" time="0.013"/>
  <testcase classname="com.scp.b.DTest" name="f" time="0.005"/>
  <testcase classname="com.scp.a.ATest" name="a" time="0.005"/>
  <testcase classname="com.scp.a.ATest" name="b" time="0.018"/>
  <testcase classname="com.scp.a.ATest" name="c" time="0.011"/>
  <testcase classname="com.scp.a.ATest" name="d" time="0.007"/>
  <testcase classname="com.scp.a.ATest" name="e" time="0.003"/>
  <testcase classname="com.scp.a.ATest" name="f" time="0.014">
    <failure type="java.lang.AssertionError" message="null">
      <![CDATA[java.lang.AssertionError: null
at com.scp.a.ATest.f(ATest.java:69)
... Removed 27 stack frames]]>
    </failure>
  </testcase> <!-- f -->
  <testcase classname="com.scp.a.ATest" name="getprovider" time="0.03"/>
  <testcase classname="com.scp.a.ATest" name="getprovider" time="0.006"/>
  <testcase classname="com.scp.a.BTest" name="b" time="0.01">
    <failure type="java.lang.AssertionError" message="null">
      <![CDATA[java.lang.AssertionError: null
at com.scp.a.BTest.b(BTest.java:23)
... Removed 27 stack frames]]>
    </failure>
  </testcase> <!-- b -->
  <testcase classname="com.scp.a.BTest" name="b" time="0.008">
    <failure type="java.lang.AssertionError" message="null">
      <![CDATA[java.lang.AssertionError: null
at com.scp.a.BTest.b(BTest.java:23)
... Removed 27 stack frames]]>
    </failure>
  </testcase> <!-- b -->
  <testcase classname="com.scp.a.BTest" name="b" time="0.033">
    <failure type="java.lang.AssertionError" message="null">
      <![CDATA[java.lang.AssertionError: null
at com.scp.a.BTest.b(BTest.java:23)
... Removed 27 stack frames]]>
    </failure>
  </testcase> <!-- b -->
  <testcase classname="com.scp.a.BTest" name="b" time="0.017">
    <failure type="java.lang.AssertionError" message="null">
      <![CDATA[java.lang.AssertionError: null
at com.scp.a.BTest.b(BTest.java:23)
... Removed 27 stack frames]]>
    </failure>
  </testcase> <!-- b -->
  <testcase classname="com.scp.a.BTest" name="b" time="0.007"/>
  <testcase classname="com.scp.a.BTest" name="b" time="0.034"/>
  <testcase classname="com.scp.a.BTest" name="b" time="0.023"/>
  <testcase classname="com.scp.a.BTest" name="b" time="0.004"/>
  <testcase classname="com.scp.a.BTest" name="b" time="0.01"/>
  <testcase classname="com.scp.a.BTest" name="b" time="0.007"/>
  <testcase classname="com.scp.a.BTest" name="c" time="0.013"/>
  <testcase classname="com.scp.a.BTest" name="d" time="0.003"/>
  <testcase classname="com.scp.a.BTest" name="e" time="0.004">
    <failure type="java.lang.AssertionError" message="null">
      <![CDATA[java.lang.AssertionError: null
at com.scp.a.BTest.e(BTest.java:45)
... Removed 27 stack frames]]>
    </failure>
  </testcase> <!-- e -->
  <testcase classname="com.scp.a.BTest" name="f" time="0.007"/>
  <testcase classname="com.scp.a.CTest" name="b" time="0.01"/>
  <testcase classname="com.scp.a.CTest" name="c" time="0.003"/>
  <testcase classname="com.scp.a.CTest" name="d" time="0.028"/>
  <testcase classname="com.scp.a.CTest" name="f" time="0.011"/>
  <testcase classname="com.scp.c.FTest" name="a" time="0.003"/>
  <testcase classname="com.scp.c.FTest" name="b" time="0.002"/>
  <testcase classname="com.scp.c.FTest" name="c" time="0.007"/>
  <testcase classname="com.scp.c.FTest" name="e" time="0.004">
    <failure type="java.lang.AssertionError" message="null">
      <![CDATA[java.lang.AssertionError: null
at com.scp.c.FTest.e(FTest.java:35)
... Removed 27 stack frames]]>
    </failure>
  </testcase> <!-- e -->
  <testcase classname="com.scp.c.FTest" name="f" time="0.002"/>
  <testcase classname="com.scp.b.ETest" name="a" time="0.012"/>
  <testcase classname="com.scp.b.ETest" name="b" time="0.004"/>
  <testcase classname="com.scp.b.ETest" name="c" time="0.017"/>
  <testcase classname="com.scp.b.ETest" name="d" time="0.008"/>
  <testcase classname="com.scp.b.ETest" name="e" time="0.012"/>
  <testcase classname="com.scp.b.ETest" name="f" time="0.006"/>
  <testcase classname="com.scp.a.BTest" name="a" time="0.0">
    <skipped/>
  </testcase> <!-- a -->
  <testcase classname="com.scp.a.CTest" name="e" time="0.015"/>
  <testcase classname="com.scp.a.CTest" name="a" time="0.003"/>
  <testcase classname="com.scp.c.FTest" name="d" time="0.002"/>
  <testcase classname="com.scp.e2e.PerfomAuthenticationTest" name="perfomLogin" time="0.0">
    <ignored/>
  </testcase> <!-- perfomLogin -->
</testsuite> <!-- Test -->
