<?xml version="1.0" encoding="UTF-8"?>
<!-- Generated by org.testng.reporters.JUnitXMLReporter -->
<testsuite ignored="0" hostname="DESKTOP-NILESH" failures="0" tests="6" name="Test1" time="0.064" errors="0" timestamp="23 Jul 2018 08:07:27 GMT">
  <testcase classname="com.scp.a.BTest" name="a" time="0.0"/>
  <testcase classname="com.scp.a.BTest" name="b" time="0.001"/>
  <testcase classname="com.scp.a.BTest" name="c" time="0.0"/>
  <testcase classname="com.scp.a.BTest" name="d" time="0.0"/>
  <testcase classname="com.scp.a.BTest" name="e" time="0.016"/>
  <testcase classname="com.scp.a.BTest" name="f" time="0.0"/>
</testsuite> <!-- Test1 -->
